[2026-04-25 10:31:22] Applying Alioth audio ADSP phase 1b.
[2026-04-25 10:31:22] Running: dism.exe /Image:D:\ /Add-Driver /Driver:C:\yjc_code\K40刷win11\Alioth-Engineering\experiments\audio-adsp-phase1b\signed-driver-package /Recurse
[2026-04-25 10:31:36] 
[2026-04-25 10:31:36] 部署映像服务和管理工具
[2026-04-25 10:31:36] 版本: 10.0.18362.1379
[2026-04-25 10:31:36] 
[2026-04-25 10:31:36] 映像版本: 10.0.22621.6060
[2026-04-25 10:31:36] 
[2026-04-25 10:31:36] 正在搜索要安装的驱动程序包...
[2026-04-25 10:31:36] 找到 1 个要安装的驱动程序包。
[2026-04-25 10:31:36] 正在安装第 1 个，共有 1 个 - oem5.inf: 驱动程序包已成功安装。
[2026-04-25 10:31:36] 操作成功完成。
[2026-04-25 10:31:36] Running: reg.exe load HKLM\ALIOTH_AUDIO_ADSP_SYSTEM_8064 D:\Windows\System32\Config\SYSTEM
[2026-04-25 10:31:36] 操作成功完成。
[2026-04-25 10:31:36] 
[2026-04-25 10:31:36] Device key not found, skipping alias: Microsoft.PowerShell.Core\Registry::HKEY_LOCAL_MACHINE\ALIOTH_AUDIO_ADSP_SYSTEM_8064\ControlSet001\Enum\ACPI\QCOM051D
[2026-04-25 10:31:36] Wrote registry backup: C:\yjc_code\K40刷win11\Alioth-Engineering\logs\audio-adsp-phase1b-backup-20260425-103136.json
[2026-04-25 10:31:37] Running: reg.exe unload HKLM\ALIOTH_AUDIO_ADSP_SYSTEM_8064
[2026-04-25 10:31:37] 错误: 拒绝访问。
[2026-04-25 10:31:37] System.Management.Automation.RemoteException
[2026-04-25 10:31:37] Phase-1b ADSP alias apply completed. Boot Mu-alioth and run Trace-AudioAliasState.ps1.
