<<<<<<< HEAD
﻿[2026-04-22 15:10:15] Finalizing Alioth postinstall state for D:
[2026-04-22 15:10:15] Staged OOBE-bypass unattend.xml to Panther and Sysprep.
[2026-04-22 15:10:15] Staged Alioth bootstrap startup script for audit exit and landscape fix.
[2026-04-22 15:10:15] Running: reg.exe load HKLM\ALIOTH_POST_SOFTWARE_6088 D:\Windows\System32\Config\SOFTWARE
操作成功完成。

[2026-04-22 15:10:21] Running: reg.exe add HKLM\ALIOTH_POST_SOFTWARE_6088\Microsoft\Windows\CurrentVersion\RunOnce /v AliothCleanupSysprepUi /t REG_SZ /d cmd /c taskkill /im sysprep.exe /f >nul 2>&1 /f
操作成功完成。

[2026-04-22 15:10:21] Running: reg.exe add HKLM\ALIOTH_POST_SOFTWARE_6088\Microsoft\Windows\CurrentVersion\Run /v AliothBootstrap /t REG_SZ /d powershell -NoProfile -ExecutionPolicy Bypass -File C:\Windows\Setup\Scripts\AliothBootstrap.ps1 /f
操作成功完成。

[2026-04-22 15:10:21] Running: reg.exe add HKLM\ALIOTH_POST_SOFTWARE_6088\Microsoft\Windows NT\CurrentVersion\Winlogon /v AutoAdminLogon /t REG_SZ /d 1 /f
操作成功完成。

[2026-04-22 15:10:21] Running: reg.exe add HKLM\ALIOTH_POST_SOFTWARE_6088\Microsoft\Windows NT\CurrentVersion\Winlogon /v DefaultUserName /t REG_SZ /d jcyang /f
操作成功完成。

[2026-04-22 15:10:21] Running: reg.exe add HKLM\ALIOTH_POST_SOFTWARE_6088\Microsoft\Windows NT\CurrentVersion\Winlogon /v DefaultPassword /t REG_SZ /d jcyang123! /f
操作成功完成。

[2026-04-22 15:10:21] Running: reg.exe add HKLM\ALIOTH_POST_SOFTWARE_6088\Microsoft\Windows NT\CurrentVersion\Winlogon /v AutoLogonCount /t REG_DWORD /d 1 /f
操作成功完成。

[2026-04-22 15:10:21] Running: reg.exe add HKLM\ALIOTH_POST_SOFTWARE_6088\Microsoft\Windows\CurrentVersion\OOBE /v BypassNRO /t REG_DWORD /d 1 /f
操作成功完成。

[2026-04-22 15:10:22] Running: reg.exe unload HKLM\ALIOTH_POST_SOFTWARE_6088
操作成功完成。

[2026-04-22 15:10:30] Running: reg.exe load HKLM\ALIOTH_POST_SYSTEM_6088 D:\Windows\System32\Config\SYSTEM
操作成功完成。

[2026-04-22 15:10:31] Running: reg.exe add HKLM\ALIOTH_POST_SYSTEM_6088\Setup /v UnattendFile /t REG_SZ /d C:\Windows\Panther\unattend.xml /f
操作成功完成。

[2026-04-22 15:10:31] Running: reg.exe delete HKLM\ALIOTH_POST_SYSTEM_6088\Setup /v CmdLine /f
操作成功完成。

[2026-04-22 15:10:31] Running: reg.exe add HKLM\ALIOTH_POST_SYSTEM_6088\Setup\Status\ChildCompletion /v setup.exe /t REG_DWORD /d 3 /f
操作成功完成。

[2026-04-22 15:10:31] Running: reg.exe add HKLM\ALIOTH_POST_SYSTEM_6088\Setup /v OOBEInProgress /t REG_DWORD /d 0 /f
操作成功完成。

[2026-04-22 15:10:31] Running: reg.exe add HKLM\ALIOTH_POST_SYSTEM_6088\Setup /v SystemSetupInProgress /t REG_DWORD /d 0 /f
操作成功完成。

[2026-04-22 15:10:31] Running: reg.exe add HKLM\ALIOTH_POST_SYSTEM_6088\Setup /v AuditInProgress /t REG_DWORD /d 0 /f
操作成功完成。

[2026-04-22 15:10:32] Running: reg.exe unload HKLM\ALIOTH_POST_SYSTEM_6088
操作成功完成。

[2026-04-22 15:10:32] Alioth postinstall finalization completed.
[2026-04-22 15:10:32] Next boot should enter desktop once more, then bootstrap will create/login jcyang, silently exit Audit Mode, and rotate to landscape on the first normal login.
=======
﻿[2026-04-22 15:10:15] Finalizing Alioth postinstall state for D:
[2026-04-22 15:10:15] Staged OOBE-bypass unattend.xml to Panther and Sysprep.
[2026-04-22 15:10:15] Staged Alioth bootstrap startup script for audit exit and landscape fix.
[2026-04-22 15:10:15] Running: reg.exe load HKLM\ALIOTH_POST_SOFTWARE_6088 D:\Windows\System32\Config\SOFTWARE
操作成功完成。

[2026-04-22 15:10:21] Running: reg.exe add HKLM\ALIOTH_POST_SOFTWARE_6088\Microsoft\Windows\CurrentVersion\RunOnce /v AliothCleanupSysprepUi /t REG_SZ /d cmd /c taskkill /im sysprep.exe /f >nul 2>&1 /f
操作成功完成。

[2026-04-22 15:10:21] Running: reg.exe add HKLM\ALIOTH_POST_SOFTWARE_6088\Microsoft\Windows\CurrentVersion\Run /v AliothBootstrap /t REG_SZ /d powershell -NoProfile -ExecutionPolicy Bypass -File C:\Windows\Setup\Scripts\AliothBootstrap.ps1 /f
操作成功完成。

[2026-04-22 15:10:21] Running: reg.exe add HKLM\ALIOTH_POST_SOFTWARE_6088\Microsoft\Windows NT\CurrentVersion\Winlogon /v AutoAdminLogon /t REG_SZ /d 1 /f
操作成功完成。

[2026-04-22 15:10:21] Running: reg.exe add HKLM\ALIOTH_POST_SOFTWARE_6088\Microsoft\Windows NT\CurrentVersion\Winlogon /v DefaultUserName /t REG_SZ /d jcyang /f
操作成功完成。

[2026-04-22 15:10:21] Running: reg.exe add HKLM\ALIOTH_POST_SOFTWARE_6088\Microsoft\Windows NT\CurrentVersion\Winlogon /v DefaultPassword /t REG_SZ /d jcyang123! /f
操作成功完成。

[2026-04-22 15:10:21] Running: reg.exe add HKLM\ALIOTH_POST_SOFTWARE_6088\Microsoft\Windows NT\CurrentVersion\Winlogon /v AutoLogonCount /t REG_DWORD /d 1 /f
操作成功完成。

[2026-04-22 15:10:21] Running: reg.exe add HKLM\ALIOTH_POST_SOFTWARE_6088\Microsoft\Windows\CurrentVersion\OOBE /v BypassNRO /t REG_DWORD /d 1 /f
操作成功完成。

[2026-04-22 15:10:22] Running: reg.exe unload HKLM\ALIOTH_POST_SOFTWARE_6088
操作成功完成。

[2026-04-22 15:10:30] Running: reg.exe load HKLM\ALIOTH_POST_SYSTEM_6088 D:\Windows\System32\Config\SYSTEM
操作成功完成。

[2026-04-22 15:10:31] Running: reg.exe add HKLM\ALIOTH_POST_SYSTEM_6088\Setup /v UnattendFile /t REG_SZ /d C:\Windows\Panther\unattend.xml /f
操作成功完成。

[2026-04-22 15:10:31] Running: reg.exe delete HKLM\ALIOTH_POST_SYSTEM_6088\Setup /v CmdLine /f
操作成功完成。

[2026-04-22 15:10:31] Running: reg.exe add HKLM\ALIOTH_POST_SYSTEM_6088\Setup\Status\ChildCompletion /v setup.exe /t REG_DWORD /d 3 /f
操作成功完成。

[2026-04-22 15:10:31] Running: reg.exe add HKLM\ALIOTH_POST_SYSTEM_6088\Setup /v OOBEInProgress /t REG_DWORD /d 0 /f
操作成功完成。

[2026-04-22 15:10:31] Running: reg.exe add HKLM\ALIOTH_POST_SYSTEM_6088\Setup /v SystemSetupInProgress /t REG_DWORD /d 0 /f
操作成功完成。

[2026-04-22 15:10:31] Running: reg.exe add HKLM\ALIOTH_POST_SYSTEM_6088\Setup /v AuditInProgress /t REG_DWORD /d 0 /f
操作成功完成。

[2026-04-22 15:10:32] Running: reg.exe unload HKLM\ALIOTH_POST_SYSTEM_6088
操作成功完成。

[2026-04-22 15:10:32] Alioth postinstall finalization completed.
[2026-04-22 15:10:32] Next boot should enter desktop once more, then bootstrap will create/login jcyang, silently exit Audit Mode, and rotate to landscape on the first normal login.
>>>>>>> 997c2b364a3178ae7a9b408834e9221f675f1cdb
