[2026-05-12 16:39:16] Build log: /home/ucchip/K40_Win11/Alioth-Engineering/logs/mu-alioth-phase11-build-20260512-163916.log
[2026-05-12 16:39:16] Project root: /home/ucchip/K40_Win11
[2026-05-12 16:39:16] Mu root: /home/ucchip/K40_Win11/sound_code/Mu-Silicium
[2026-05-12 16:39:16] Output dir: /home/ucchip/K40_Win11/UEFI-Images
[2026-05-12 16:39:16] Tool clang -> /usr/bin/clang
[2026-05-12 16:39:16] Tool lld-link -> /usr/bin/lld-link
[2026-05-12 16:39:16] Tool llvm-lib -> /usr/bin/llvm-lib-18
[2026-05-12 16:39:16] Tool llvm-rc -> /usr/bin/llvm-rc-18
[2026-05-12 16:39:16] Tool llvm-objcopy -> /usr/bin/llvm-objcopy-18
[2026-05-12 16:39:16] Updating submodules
[2026-05-12 16:39:16] Ensuring Python build dependencies
[2026-05-12 16:39:16] Normalizing migrated CRLF in build metadata
[2026-05-12 16:39:17] Applying phase11 ACPI patch: keep Phase10 HIDs and shrink ADSP/CDSP/SCSS _DEP to isolate ARPC/SSDD dependency gating
patched ASL, backup: /home/ucchip/K40_Win11/sound_code/Mu-Silicium/Silicium-ACPI/Platforms/Xiaomi/alioth/DSDT.asl.pre-phase11-20260512-163917.bak
QCOM06E0: True
QCOM0620: True
QCOM061B: True
QCOM06B0: True
QCOM068D: True
QCOM061F: True
QCOM0520_kept: True
QCOM0532_kept: True
MTP08280: True
phase11_adsp_dep: True
phase11_cdsp_dep: True
phase11_scss_dep: True
QCOM051D_absent: True
QCOM0523_absent: True
QCOM0599_absent: True
QCOM0521_absent: True
[2026-05-12 16:39:17] Compiling patched DSDT.asl to DSDT.aml with iasl -f
Error    6126 -  Compiler aborting due to parser-detected syntax error(s)


DSDT.asl  61945:             }))
Error    6126 -  syntax error ^ 

DSDT.asl  61971:             }))
Error    6126 -  syntax error ^ 

DSDT.asl  62228:             }))
Error    6126 -  syntax error ^ 

Error    6126 -  Compiler aborting due to parser-detected syntax error(s)


DSDT.asl    281:                 "\\_SB.PMAP"
Error    6105 -                            ^ Invalid object type for reserved name (_DEP: found String at index 0, Reference required)

DSDT.asl  61945:             }))
Error    6126 -  syntax error ^ 

DSDT.asl  61971:             }))
Error    6126 -  syntax error ^ 

DSDT.asl  62228:             }))
Error    6126 -  syntax error ^ 

DSDT.asl  62474:             Name(_CLS, 0x3000000000000)
Error    6105 -                                      ^ Invalid object type for reserved name (_CLS: found Integer, Package required)

DSDT.asl  80683:                                     Store(Zero, \_SB_.QPPX.PMON)
Error    6084 -                                         Object does not exist ^  (\_SB_.QPPX.PMON)

DSDT.asl  80684:                                     Store(Zero, \_SB_.QPPX.PMDR)
Error    6084 -                                         Object does not exist ^  (\_SB_.QPPX.PMDR)

DSDT.asl  80685:                                     Store(Zero, \_SB_.QPPX.MPON)
Error    6084 -                                         Object does not exist ^  (\_SB_.QPPX.MPON)

DSDT.asl  80687:                                     Store(One, \_SB_.QPPX.MPON)
Error    6084 -                                        Object does not exist ^  (\_SB_.QPPX.MPON)

DSDT.asl  80688:                                     Store(One, \_SB_.QPPX.PMDR)
Error    6084 -                                        Object does not exist ^  (\_SB_.QPPX.PMDR)

DSDT.asl  80690:                                     Store(One, \_SB_.QPPX.PMON)
Error    6084 -                                        Object does not exist ^  (\_SB_.QPPX.PMON)

DSDT.asl  84130:         Device(URS0)
Error    6141 -                   ^ Missing dependency (Device object requires a _HID or _ADR)


Intel ACPI Component Architecture
ASL+ Optimizing Compiler/Disassembler version 20230628
Copyright (c) 2000 - 2023 Intel Corporation

Ignoring all errors, forcing AML file generation

Input file:    DSDT.asl - Compilation aborted due to parser-detected syntax error(s)

Compilation failed. 13 Errors, 65 Warnings, 411 Remarks
No AML files were generated due to syntax error(s)
